2010/12/22 10:46:49: 2010/12/22 10:46:37:已经建立连接......
2010/12/22 10:47:32: 2010/12/22 10:47:29: Video 已经传输视频流
2010/12/22 10:47:39: 2010/12/22 10:47:35:正在等待连接......
2010/12/22 10:47:49: 2010/12/22 10:47:43: Zhihu 已经传输视频流
2010/12/22 10:47:59: 2010/12/22 10:47:59: KaKou 已经传输视频流
2010/12/22 10:48:01: 2010/12/22 10:48:01: 110 已经传输视频流
2010/12/22 10:48:05: 2010/12/22 10:48:05: GPSPolice 已经传输视频流
2010/12/22 10:49:17: 2010/12/22 10:49:17:已经建立连接......
2010/12/22 10:49:29: 2010/12/22 10:49:29: Video 已经传输视频流
2010/12/22 10:49:45: 2010/12/22 10:49:45:正在等待连接......
2010/12/22 10:49:51: 2010/12/22 10:49:51: Zhihu 已经传输视频流
2010/12/22 10:49:52: 2010/12/22 10:49:52: KaKou 已经传输视频流
2010/12/22 10:49:53: 2010/12/22 10:49:53: 110 已经传输视频流
2010/12/22 10:49:54: 2010/12/22 10:49:54: GPSPolice 已经传输视频流
2010/12/22 10:52:08: 2010/12/22 10:52:08:已经建立连接......
2010/12/22 10:52:47: 2010/12/22 10:52:47: Video 已经传输视频流
2010/12/22 10:52:52: 2010/12/22 10:52:52:正在等待连接......
2010/12/22 10:52:55: 2010/12/22 10:52:55: Zhihu 已经传输视频流
2010/12/22 10:53:01: 2010/12/22 10:53:01: KaKou 已经传输视频流
2010/12/22 10:53:02: 2010/12/22 10:53:02: 110 已经传输视频流
2010/12/22 10:53:03: 2010/12/22 10:53:03: GPSPolice 已经传输视频流
2010/12/22 10:56:55: 2010/12/22 10:56:55:注册netcomm.ocx控件成功
2010/12/22 10:56:56: 2010/12/22 10:56:56:TcpConnName=接处警，RemoteHost=Shelley，PortNumber=20012，ConType=1
2010/12/22 10:56:56: 2010/12/22 10:56:56:已经运行函数 axNetcomm1.AddConnection2(TcpConnName, RemoteHost, PortNumber, ConType);
2010/12/22 10:56:56: 2010/12/22 10:56:56:服务器: shelley
2010/12/22 10:56:56: 2010/12/22 10:56:56:服务器地址:fe80::6842:3643:6b90:bb66%10
2010/12/22 10:56:56: 2010/12/22 10:56:56:New TcpListener....Port=127.0.0.1:19076
2010/12/22 10:56:56: 2010/12/22 10:56:56:正在等待连接......
2010/12/22 10:57:50: 2010/12/22 10:57:50:已经建立连接......
2010/12/22 10:58:04: 2010/12/22 10:58:03:正在等待连接......
2010/12/22 10:58:04: 2010/12/22 10:58:04: Video 已经传输视频流
2010/12/22 10:58:05: 2010/12/22 10:58:05: Zhihu 已经传输视频流
2010/12/22 10:58:05: 2010/12/22 10:58:05: KaKou 已经传输视频流
2010/12/22 10:58:06: 2010/12/22 10:58:06: 110 已经传输视频流
2010/12/22 10:58:07: 2010/12/22 10:58:07: GPSPolice 已经传输视频流
2010/12/22 10:59:32: 2010/12/22 10:59:32:已经建立连接......
2010/12/22 10:59:35: 2010/12/22 10:59:35: Video 已经传输视频流
2010/12/22 10:59:35: 2010/12/22 10:59:35: Zhihu 已经传输视频流
2010/12/22 10:59:35: 2010/12/22 10:59:35:文件“E:\Work\顺德公安\非受控\源代码\LBSgisPolice.root\LBSgisPolice\LBSgisPolice\bin\Debug\rec.log”正由另一进程使用，因此该进程无法访问该文件。
2010/12/22 10:59:35: 2010/12/22 10:59:35: KaKou 已经传输视频流
2010/12/22 10:59:36: 2010/12/22 10:59:36: 110 已经传输视频流
2010/12/22 10:59:36: 2010/12/22 10:59:36: GPSPolice 已经传输视频流
2010/12/22 11:02:15: 2010/12/22 11:02:15:注册netcomm.ocx控件成功
2010/12/22 11:02:15: 2010/12/22 11:02:15:TcpConnName=接处警，RemoteHost=Shelley，PortNumber=20012，ConType=1
2010/12/22 11:02:15: 2010/12/22 11:02:15:已经运行函数 axNetcomm1.AddConnection2(TcpConnName, RemoteHost, PortNumber, ConType);
2010/12/22 11:02:15: 2010/12/22 11:02:15:服务器: shelley
2010/12/22 11:02:15: 2010/12/22 11:02:15:服务器地址:fe80::6842:3643:6b90:bb66%10
2010/12/22 11:02:15: 2010/12/22 11:02:15:New TcpListener....Port=127.0.0.1:19076
2010/12/22 11:02:15: 2010/12/22 11:02:15:正在等待连接......
2010/12/22 11:04:14: 2010/12/22 11:04:14:注册netcomm.ocx控件成功
2010/12/22 11:04:14: 2010/12/22 11:04:14:TcpConnName=接处警，RemoteHost=Shelley，PortNumber=20012，ConType=1
2010/12/22 11:04:14: 2010/12/22 11:04:14:已经运行函数 axNetcomm1.AddConnection2(TcpConnName, RemoteHost, PortNumber, ConType);
2010/12/22 11:04:14: 2010/12/22 11:04:14:服务器: shelley
2010/12/22 11:04:14: 2010/12/22 11:04:14:服务器地址:fe80::6842:3643:6b90:bb66%10
2010/12/22 11:04:14: 2010/12/22 11:04:14:New TcpListener....Port=127.0.0.1:19076
2010/12/22 11:04:14: 2010/12/22 11:04:14:正在等待连接......
2010/12/22 11:05:01: 2010/12/22 11:05:01:已经建立连接......
2010/12/22 11:05:01: 2010/12/22 11:05:01:正在等待连接......
2010/12/22 11:05:12: 2010/12/22 11:05:12: Video 已经传输视频流
2010/12/22 11:06:43: 2010/12/22 11:06:43:注册netcomm.ocx控件成功
2010/12/22 11:06:43: 2010/12/22 11:06:43:TcpConnName=接处警，RemoteHost=Shelley，PortNumber=20012，ConType=1
2010/12/22 11:06:43: 2010/12/22 11:06:43:已经运行函数 axNetcomm1.AddConnection2(TcpConnName, RemoteHost, PortNumber, ConType);
2010/12/22 11:06:44: 2010/12/22 11:06:44:服务器: shelley
2010/12/22 11:06:44: 2010/12/22 11:06:44:服务器地址:fe80::6842:3643:6b90:bb66%10
2010/12/22 11:06:44: 2010/12/22 11:06:44:New TcpListener....Port=127.0.0.1:19076
2010/12/22 11:06:44: 2010/12/22 11:06:44:正在等待连接......
2010/12/22 11:06:45: 2010/12/22 11:06:45:已经建立连接......
2010/12/22 11:06:47: 2010/12/22 11:06:47:未将对象引用设置到对象的实例。
2010/12/22 11:08:26: 2010/12/22 11:08:26:注册netcomm.ocx控件成功
2010/12/22 11:08:26: 2010/12/22 11:08:26:TcpConnName=接处警，RemoteHost=Shelley，PortNumber=20012，ConType=1
2010/12/22 11:08:26: 2010/12/22 11:08:26:已经运行函数 axNetcomm1.AddConnection2(TcpConnName, RemoteHost, PortNumber, ConType);
2010/12/22 11:08:27: 2010/12/22 11:08:27:服务器: shelley
2010/12/22 11:08:27: 2010/12/22 11:08:27:服务器地址:fe80::6842:3643:6b90:bb66%10
2010/12/22 11:08:27: 2010/12/22 11:08:27:New TcpListener....Port=127.0.0.1:19076
2010/12/22 11:08:27: 2010/12/22 11:08:27:正在等待连接......
2010/12/22 11:08:30: 2010/12/22 11:08:30:已经建立连接......
2010/12/22 11:08:33: 2010/12/22 11:08:33:正在等待连接......
2010/12/22 11:08:34: 2010/12/22 11:08:34: Video 已经传输视频流
2010/12/22 11:08:35: 2010/12/22 11:08:35: 110 已经传输视频流
2010/12/22 11:12:47: 2010/12/22 11:12:47:注册netcomm.ocx控件成功
2010/12/22 11:12:47: 2010/12/22 11:12:47:TcpConnName=接处警，RemoteHost=Shelley，PortNumber=20012，ConType=1
2010/12/22 11:12:47: 2010/12/22 11:12:47:已经运行函数 axNetcomm1.AddConnection2(TcpConnName, RemoteHost, PortNumber, ConType);
2010/12/22 11:12:48: 2010/12/22 11:12:48:服务器: shelley
2010/12/22 11:12:48: 2010/12/22 11:12:48:服务器地址:fe80::6842:3643:6b90:bb66%10
2010/12/22 11:12:48: 2010/12/22 11:12:48:New TcpListener....Port=127.0.0.1:19076
2010/12/22 11:12:48: 2010/12/22 11:12:48:正在等待连接......
2010/12/22 11:13:03: 2010/12/22 11:13:03:已经建立连接......
2010/12/22 11:13:29: 2010/12/22 11:13:29:正在等待连接......
2010/12/22 11:13:35: 2010/12/22 11:13:29: Video 已经传输视频流
2010/12/22 11:13:35: 2010/12/22 11:13:35: Zhihu 已经传输视频流
2010/12/22 11:13:35: 2010/12/22 11:13:35: KaKou 已经传输视频流
2010/12/22 11:13:35: 2010/12/22 11:13:35: 110 已经传输视频流
2010/12/22 11:13:35: 2010/12/22 11:13:35: GPSPolice 已经传输视频流
2010/12/22 11:14:14: 2010/12/22 11:14:14:已经建立连接......
2010/12/22 11:14:14: 2010/12/22 11:14:14:正在等待连接......
2010/12/22 11:14:19: 2010/12/22 11:14:14: Video 已经传输视频流
2010/12/22 11:14:19: 2010/12/22 11:14:19: Zhihu 已经传输视频流
2010/12/22 11:14:19: 2010/12/22 11:14:19: KaKou 已经传输视频流
2010/12/22 11:14:19: 2010/12/22 11:14:19: 110 已经传输视频流
2010/12/22 11:14:19: 2010/12/22 11:14:19: GPSPolice 已经传输视频流
2010/12/22 11:17:24: 2010/12/22 11:17:24:已经建立连接......
2010/12/22 11:17:24: 2010/12/22 11:17:24:正在等待连接......
2010/12/22 11:17:30: 2010/12/22 11:17:24: Video 已经传输视频流
2010/12/22 11:17:30: 2010/12/22 11:17:30: Zhihu 已经传输视频流
2010/12/22 11:17:30: 2010/12/22 11:17:30: KaKou 已经传输视频流
2010/12/22 11:17:30: 2010/12/22 11:17:30: 110 已经传输视频流
2010/12/22 11:17:30: 2010/12/22 11:17:30: GPSPolice 已经传输视频流
2010/12/22 11:18:00: 2010/12/22 11:18:00:已经建立连接......
2010/12/22 11:18:00: 2010/12/22 11:18:00:正在等待连接......
2010/12/22 11:18:05: 2010/12/22 11:18:00: Video 已经传输视频流
2010/12/22 11:18:05: 2010/12/22 11:18:05: Zhihu 已经传输视频流
2010/12/22 11:18:05: 2010/12/22 11:18:05: KaKou 已经传输视频流
2010/12/22 11:18:05: 2010/12/22 11:18:05: 110 已经传输视频流
2010/12/22 11:18:05: 2010/12/22 11:18:05: GPSPolice 已经传输视频流
2010/12/22 11:30:21: 2010/12/22 11:30:21:注册netcomm.ocx控件成功
2010/12/22 11:30:21: 2010/12/22 11:30:21:TcpConnName=接处警，RemoteHost=Shelley，PortNumber=20012，ConType=1
2010/12/22 11:30:21: 2010/12/22 11:30:21:已经运行函数 axNetcomm1.AddConnection2(TcpConnName, RemoteHost, PortNumber, ConType);
2010/12/22 11:30:21: 2010/12/22 11:30:21:服务器: shelley
2010/12/22 11:30:21: 2010/12/22 11:30:21:服务器地址:fe80::6842:3643:6b90:bb66%10
2010/12/22 11:30:21: 2010/12/22 11:30:21:New TcpListener....Port=127.0.0.1:19076
2010/12/22 11:30:21: 2010/12/22 11:30:21:正在等待连接......
2010/12/22 11:41:10: 2010/12/22 11:41:10:注册netcomm.ocx控件成功
2010/12/22 11:41:10: 2010/12/22 11:41:10:TcpConnName=接处警，RemoteHost=Shelley，PortNumber=20012，ConType=1
2010/12/22 11:41:10: 2010/12/22 11:41:10:已经运行函数 axNetcomm1.AddConnection2(TcpConnName, RemoteHost, PortNumber, ConType);
2010/12/22 11:41:10: 2010/12/22 11:41:10:服务器: shelley
2010/12/22 11:41:10: 2010/12/22 11:41:10:服务器地址:fe80::6842:3643:6b90:bb66%10
2010/12/22 11:41:10: 2010/12/22 11:41:10:New TcpListener....Port=127.0.0.1:19076
2010/12/22 11:41:10: 2010/12/22 11:41:10:正在等待连接......
2010/12/22 11:42:40: 2010/12/22 11:42:40:已经建立连接......
2010/12/22 11:42:40: 2010/12/22 11:42:40:正在等待连接......
2010/12/22 11:42:50: 2010/12/22 11:42:40: Video 已经传输视频流
2010/12/22 11:42:50: 2010/12/22 11:42:50: Zhihu 已经传输视频流
2010/12/22 11:42:50: 2010/12/22 11:42:50: KaKou 已经传输视频流
2010/12/22 11:42:50: 2010/12/22 11:42:50: 110 已经传输视频流
2010/12/22 11:42:50: 2010/12/22 11:42:50: GPSPolice 已经传输视频流
2010/12/22 11:43:32: 2010/12/22 11:43:32:已经建立连接......
2010/12/22 11:43:32: 2010/12/22 11:43:32:正在等待连接......
2010/12/22 11:43:32: 2010/12/22 11:43:32: Video 已经传输视频流
2010/12/22 11:43:32: 2010/12/22 11:43:32: Zhihu 已经传输视频流
2010/12/22 11:43:32: 2010/12/22 11:43:32: KaKou 已经传输视频流
2010/12/22 11:43:32: 2010/12/22 11:43:32: 110 已经传输视频流
2010/12/22 11:43:32: 2010/12/22 11:43:32: GPSPolice 已经传输视频流
2010/12/22 11:49:48: 2010/12/22 11:49:48:已经建立连接......
2010/12/22 11:49:48: 2010/12/22 11:49:48: Video 已经传输视频流
2010/12/22 11:49:48: 2010/12/22 11:49:48:文件“E:\Work\顺德公安\非受控\源代码\LBSgisPolice.root\LBSgisPolice\LBSgisPolice\bin\Debug\rec.log”正由另一进程使用，因此该进程无法访问该文件。
2010/12/22 11:49:48: 2010/12/22 11:49:48: Zhihu 已经传输视频流
2010/12/22 11:49:48: 2010/12/22 11:49:48: KaKou 已经传输视频流
2010/12/22 11:49:48: 2010/12/22 11:49:48: 110 已经传输视频流
2010/12/22 11:49:48: 2010/12/22 11:49:48: GPSPolice 已经传输视频流
2010/12/22 11:58:55: 2010/12/22 11:58:55:注册netcomm.ocx控件成功
2010/12/22 11:58:55: 2010/12/22 11:58:55:TcpConnName=接处警，RemoteHost=Shelley，PortNumber=20012，ConType=1
2010/12/22 11:58:55: 2010/12/22 11:58:55:已经运行函数 axNetcomm1.AddConnection2(TcpConnName, RemoteHost, PortNumber, ConType);
2010/12/22 11:58:56: 2010/12/22 11:58:56:服务器: shelley
2010/12/22 11:58:56: 2010/12/22 11:58:56:服务器地址:fe80::6842:3643:6b90:bb66%10
2010/12/22 11:58:56: 2010/12/22 11:58:56:New TcpListener....Port=127.0.0.1:19076
2010/12/22 11:58:56: 2010/12/22 11:58:56:正在等待连接......
2010/12/22 11:59:41: 2010/12/22 11:59:41:已经建立连接......
2010/12/22 11:59:41: 2010/12/22 11:59:41:正在等待连接......
2010/12/22 11:59:41: 2010/12/22 11:59:41: Video 已经传输视频流
2010/12/22 11:59:41: 2010/12/22 11:59:41: Zhihu 已经传输视频流
2010/12/22 11:59:41: 2010/12/22 11:59:41: KaKou 已经传输视频流
2010/12/22 11:59:41: 2010/12/22 11:59:41: 110 已经传输视频流
2010/12/22 11:59:41: 2010/12/22 11:59:41: GPSPolice 已经传输视频流
2010/12/22 12:36:16: 2010/12/22 12:36:16:注册netcomm.ocx控件成功
2010/12/22 12:36:16: 2010/12/22 12:36:16:TcpConnName=接处警，RemoteHost=Shelley，PortNumber=20012，ConType=1
2010/12/22 12:36:16: 2010/12/22 12:36:16:已经运行函数 axNetcomm1.AddConnection2(TcpConnName, RemoteHost, PortNumber, ConType);
2010/12/22 12:36:17: 2010/12/22 12:36:17:服务器: shelley
2010/12/22 12:36:17: 2010/12/22 12:36:17:服务器地址:fe80::6842:3643:6b90:bb66%10
2010/12/22 12:36:17: 2010/12/22 12:36:17:New TcpListener....Port=127.0.0.1:19076
2010/12/22 12:36:17: 2010/12/22 12:36:17:正在等待连接......
2010/12/22 12:36:48: 2010/12/22 12:36:48:已经建立连接......
2010/12/22 12:36:48: 2010/12/22 12:36:48: Video 已经传输视频流
2010/12/22 12:36:48: 2010/12/22 12:36:48: Zhihu 已经传输视频流
2010/12/22 12:36:48: 2010/12/22 12:36:48: KaKou 已经传输视频流
2010/12/22 12:36:48: 2010/12/22 12:36:48: 110 已经传输视频流
2010/12/22 12:36:48: 2010/12/22 12:36:48: GPSPolice 已经传输视频流
2010/12/22 12:36:55: 2010/12/22 12:36:48:文件“E:\Work\顺德公安\非受控\源代码\LBSgisPolice.root\LBSgisPolice\LBSgisPolice\bin\Debug\rec.log”正由另一进程使用，因此该进程无法访问该文件。
2010/12/22 12:49:45: 2010/12/22 12:49:45:注册netcomm.ocx控件成功
2010/12/22 12:49:45: 2010/12/22 12:49:45:TcpConnName=接处警，RemoteHost=Shelley，PortNumber=20012，ConType=1
2010/12/22 12:49:45: 2010/12/22 12:49:45:已经运行函数 axNetcomm1.AddConnection2(TcpConnName, RemoteHost, PortNumber, ConType);
2010/12/22 12:49:45: 2010/12/22 12:49:45:服务器: shelley
2010/12/22 12:49:45: 2010/12/22 12:49:45:服务器地址:fe80::6842:3643:6b90:bb66%10
2010/12/22 12:49:45: 2010/12/22 12:49:45:New TcpListener....Port=127.0.0.1:19076
2010/12/22 12:49:45: 2010/12/22 12:49:45:正在等待连接......
2010/12/22 13:15:15: 2010/12/22 13:15:15:注册netcomm.ocx控件成功
2010/12/22 13:15:15: 2010/12/22 13:15:15:TcpConnName=接处警，RemoteHost=Shelley，PortNumber=20012，ConType=1
2010/12/22 13:15:15: 2010/12/22 13:15:15:已经运行函数 axNetcomm1.AddConnection2(TcpConnName, RemoteHost, PortNumber, ConType);
2010/12/22 13:15:16: 2010/12/22 13:15:16:服务器: shelley
2010/12/22 13:15:16: 2010/12/22 13:15:16:服务器地址:fe80::6842:3643:6b90:bb66%10
2010/12/22 13:15:16: 2010/12/22 13:15:16:New TcpListener....Port=127.0.0.1:19076
2010/12/22 13:15:16: 2010/12/22 13:15:16:正在等待连接......
2011/1/14 10:29:38: 2011/1/14 10:29:38:注册netcomm.ocx控件成功
2011/1/14 10:29:38: 2011/1/14 10:29:38:TcpConnName=接处警，RemoteHost=Shelley，PortNumber=20012，ConType=1
2011/1/14 10:29:38: 2011/1/14 10:29:38:已经运行函数 axNetcomm1.AddConnection2(TcpConnName, RemoteHost, PortNumber, ConType);
2011/1/14 10:29:39: 2011/1/14 10:29:39:服务器: shelley
2011/1/14 10:29:39: 2011/1/14 10:29:39:服务器地址:::1
2011/1/14 10:29:39: 2011/1/14 10:29:39:New TcpListener....Port=127.0.0.1:19076
2011/1/14 10:29:39: 2011/1/14 10:29:39:正在等待连接......
2011-3-3 15:00:36: 2011-3-3 15:00:36:注册netcomm.ocx控件成功
2011-3-3 15:00:37: 2011-3-3 15:00:37:TcpConnName=接处警，RemoteHost=Shelley，PortNumber=20012，ConType=1
2011-3-3 15:00:37: 2011-3-3 15:00:37:已经运行函数 axNetcomm1.AddConnection2(TcpConnName, RemoteHost, PortNumber, ConType);
2011-3-3 15:00:38: 2011-3-3 15:00:38:服务器: shelley
2011-3-3 15:00:38: 2011-3-3 15:00:38:服务器地址:192.168.0.7
2011-3-3 15:00:38: 2011-3-3 15:00:38:New TcpListener....Port=127.0.0.1:19076
2011-3-3 15:00:38: 2011-3-3 15:00:38:正在等待连接......
2011-3-3 15:02:40: 2011-3-3 15:02:40:注册netcomm.ocx控件成功
2011-3-3 15:02:40: 2011-3-3 15:02:40:TcpConnName=接处警，RemoteHost=Shelley，PortNumber=20012，ConType=1
2011-3-3 15:02:40: 2011-3-3 15:02:40:已经运行函数 axNetcomm1.AddConnection2(TcpConnName, RemoteHost, PortNumber, ConType);
2011-3-3 15:02:41: 2011-3-3 15:02:41:服务器: shelley
2011-3-3 15:02:41: 2011-3-3 15:02:41:服务器地址:192.168.0.7
2011-3-3 15:02:41: 2011-3-3 15:02:41:New TcpListener....Port=127.0.0.1:19076
2011-3-3 15:02:41: 2011-3-3 15:02:41:正在等待连接......
2011-3-3 15:25:40: 2011-3-3 15:25:40:注册netcomm.ocx控件成功
2011-3-3 15:25:40: 2011-3-3 15:25:40:TcpConnName=接处警，RemoteHost=Shelley，PortNumber=20012，ConType=1
2011-3-3 15:25:41: 2011-3-3 15:25:41:已经运行函数 axNetcomm1.AddConnection2(TcpConnName, RemoteHost, PortNumber, ConType);
2011-3-3 15:25:41: 2011-3-3 15:25:41:服务器: shelley
2011-3-3 15:25:41: 2011-3-3 15:25:41:服务器地址:192.168.0.7
2011-3-3 15:25:41: 2011-3-3 15:25:41:New TcpListener....Port=127.0.0.1:19076
2011-3-3 15:25:41: 2011-3-3 15:25:41:正在等待连接......
2011-3-3 17:25:39: 2011-3-3 17:25:39:注册netcomm.ocx控件成功
2011-3-3 17:25:39: 2011-3-3 17:25:39:TcpConnName=接处警，RemoteHost=Shelley，PortNumber=20012，ConType=1
2011-3-3 17:25:39: 2011-3-3 17:25:39:已经运行函数 axNetcomm1.AddConnection2(TcpConnName, RemoteHost, PortNumber, ConType);
2011-3-3 17:25:40: 2011-3-3 17:25:40:服务器: shelley
2011-3-3 17:25:40: 2011-3-3 17:25:40:服务器地址:192.168.0.7
2011-3-3 17:25:40: 2011-3-3 17:25:40:New TcpListener....Port=127.0.0.1:19076
2011-3-3 17:25:40: 2011-3-3 17:25:40:正在等待连接......
2011-3-3 17:33:16: 2011-3-3 17:33:16:注册netcomm.ocx控件成功
2011-3-3 17:33:16: 2011-3-3 17:33:16:TcpConnName=接处警，RemoteHost=Shelley，PortNumber=20012，ConType=1
2011-3-3 17:33:16: 2011-3-3 17:33:16:已经运行函数 axNetcomm1.AddConnection2(TcpConnName, RemoteHost, PortNumber, ConType);
2011-3-3 17:33:17: 2011-3-3 17:33:17:服务器: shelley
2011-3-3 17:33:17: 2011-3-3 17:33:17:服务器地址:192.168.0.7
2011-3-3 17:33:17: 2011-3-3 17:33:17:New TcpListener....Port=127.0.0.1:19076
2011-3-3 17:33:17: 2011-3-3 17:33:17:正在等待连接......
2011-3-3 18:03:39: 2011-3-3 18:03:39:注册netcomm.ocx控件成功
2011-3-3 18:03:39: 2011-3-3 18:03:39:TcpConnName=接处警，RemoteHost=Shelley，PortNumber=20012，ConType=1
2011-3-3 18:03:39: 2011-3-3 18:03:39:已经运行函数 axNetcomm1.AddConnection2(TcpConnName, RemoteHost, PortNumber, ConType);
2011-3-3 18:03:40: 2011-3-3 18:03:40:服务器: shelley
2011-3-3 18:03:40: 2011-3-3 18:03:40:服务器地址:192.168.0.7
2011-3-3 18:03:40: 2011-3-3 18:03:40:New TcpListener....Port=127.0.0.1:19076
2011-3-3 18:03:40: 2011-3-3 18:03:40:正在等待连接......
2011-3-3 18:04:55: 2011-3-3 18:04:55:注册netcomm.ocx控件成功
2011-3-3 18:04:55: 2011-3-3 18:04:55:TcpConnName=接处警，RemoteHost=Shelley，PortNumber=20012，ConType=1
2011-3-3 18:04:55: 2011-3-3 18:04:55:已经运行函数 axNetcomm1.AddConnection2(TcpConnName, RemoteHost, PortNumber, ConType);
2011-3-3 18:04:55: 2011-3-3 18:04:55:服务器: shelley
2011-3-3 18:04:55: 2011-3-3 18:04:55:服务器地址:192.168.0.7
2011-3-3 18:04:56: 2011-3-3 18:04:55:New TcpListener....Port=127.0.0.1:19076
2011-3-3 18:04:56: 2011-3-3 18:04:56:正在等待连接......
2011-3-3 18:10:13: 2011-3-3 18:10:13:注册netcomm.ocx控件成功
2011-3-3 18:10:14: 2011-3-3 18:10:14:TcpConnName=接处警，RemoteHost=Shelley，PortNumber=20012，ConType=1
2011-3-3 18:10:14: 2011-3-3 18:10:14:已经运行函数 axNetcomm1.AddConnection2(TcpConnName, RemoteHost, PortNumber, ConType);
2011-3-3 18:10:14: 2011-3-3 18:10:14:服务器: shelley
2011-3-3 18:10:14: 2011-3-3 18:10:14:服务器地址:192.168.0.7
2011-3-3 18:10:14: 2011-3-3 18:10:14:New TcpListener....Port=127.0.0.1:19076
2011-3-3 18:10:14: 2011-3-3 18:10:14:正在等待连接......
2011-3-3 18:12:57: 2011-3-3 18:12:57:注册netcomm.ocx控件成功
2011-3-3 18:12:57: 2011-3-3 18:12:57:TcpConnName=接处警，RemoteHost=Shelley，PortNumber=20012，ConType=1
2011-3-3 18:12:57: 2011-3-3 18:12:57:已经运行函数 axNetcomm1.AddConnection2(TcpConnName, RemoteHost, PortNumber, ConType);
2011-3-3 18:12:58: 2011-3-3 18:12:58:服务器: shelley
2011-3-3 18:12:58: 2011-3-3 18:12:58:服务器地址:192.168.0.7
2011-3-3 18:12:58: 2011-3-3 18:12:58:New TcpListener....Port=127.0.0.1:19076
2011-3-3 18:12:58: 2011-3-3 18:12:58:正在等待连接......
2011-3-3 18:27:09: 2011-3-3 18:27:09:注册netcomm.ocx控件成功
2011-3-3 18:27:09: 2011-3-3 18:27:09:TcpConnName=接处警，RemoteHost=Shelley，PortNumber=20012，ConType=1
2011-3-3 18:27:09: 2011-3-3 18:27:09:已经运行函数 axNetcomm1.AddConnection2(TcpConnName, RemoteHost, PortNumber, ConType);
2011-3-3 18:27:10: 2011-3-3 18:27:10:服务器: shelley
2011-3-3 18:27:10: 2011-3-3 18:27:10:服务器地址:192.168.0.7
2011-3-3 18:27:10: 2011-3-3 18:27:10:New TcpListener....Port=127.0.0.1:19076
2011-3-3 18:27:10: 2011-3-3 18:27:10:正在等待连接......
2011-3-3 18:35:56: 2011-3-3 18:35:56:注册netcomm.ocx控件成功
2011-3-3 18:35:56: 2011-3-3 18:35:56:TcpConnName=接处警，RemoteHost=Shelley，PortNumber=20012，ConType=1
2011-3-3 18:35:56: 2011-3-3 18:35:56:已经运行函数 axNetcomm1.AddConnection2(TcpConnName, RemoteHost, PortNumber, ConType);
2011-3-3 18:35:56: 2011-3-3 18:35:56:服务器: shelley
2011-3-3 18:35:56: 2011-3-3 18:35:56:服务器地址:192.168.0.7
2011-3-3 18:35:56: 2011-3-3 18:35:56:New TcpListener....Port=127.0.0.1:19076
2011-3-3 18:35:56: 2011-3-3 18:35:56:正在等待连接......
2011-3-3 18:54:53: 2011-3-3 18:54:53:注册netcomm.ocx控件成功
2011-3-3 18:54:53: 2011-3-3 18:54:53:TcpConnName=接处警，RemoteHost=Shelley，PortNumber=20012，ConType=1
2011-3-3 18:54:53: 2011-3-3 18:54:53:已经运行函数 axNetcomm1.AddConnection2(TcpConnName, RemoteHost, PortNumber, ConType);
2011-3-3 18:54:54: 2011-3-3 18:54:54:服务器: shelley
2011-3-3 18:54:54: 2011-3-3 18:54:54:服务器地址:192.168.0.7
2011-3-3 18:54:54: 2011-3-3 18:54:54:New TcpListener....Port=127.0.0.1:19076
2011-3-3 18:54:54: 2011-3-3 18:54:54:正在等待连接......
2011-3-3 19:00:52: 2011-3-3 19:00:52:注册netcomm.ocx控件成功
2011-3-3 19:00:52: 2011-3-3 19:00:52:TcpConnName=接处警，RemoteHost=Shelley，PortNumber=20012，ConType=1
2011-3-3 19:00:52: 2011-3-3 19:00:52:已经运行函数 axNetcomm1.AddConnection2(TcpConnName, RemoteHost, PortNumber, ConType);
2011-3-3 19:00:52: 2011-3-3 19:00:52:服务器: shelley
2011-3-3 19:00:52: 2011-3-3 19:00:52:服务器地址:192.168.0.7
2011-3-3 19:00:52: 2011-3-3 19:00:52:New TcpListener....Port=127.0.0.1:19076
2011-3-3 19:00:52: 2011-3-3 19:00:52:正在等待连接......
