2010-11-02 19:40:47:42:摄像头id619A38F89A1ED7E5137A2F2CFE48755A
2010-11-02 19:42:15:14:摄像头id619A38F89A1ED7E5137A2F2CFE48755A
2010-11-02 19:42:20:82:SQLSelect 设备名称 from 视频位置VIEW where 设备编号='619A38F89A1ED7E5137A2F2CFE48755A'
2010-11-02 19:42:23:31:摄像头名称大良新基一路文秀路交界
2010-12-03 11:59:51:80:摄像头id0F460DDA68FE22C3B1C759399995CFEE
2010-12-03 12:00:00:87:SQLSelect 设备名称 from 视频位置VIEW where 设备编号='0F460DDA68FE22C3B1C759399995CFEE'
2010-12-03 12:00:00:87:摄像头名称大良桂畔路甲子桥交界
2010-12-03 12:02:46:78:摄像头id0F460DDA68FE22C3B1C759399995CFEE
2010-12-03 12:02:46:78:SQLSelect 设备名称 from 视频位置VIEW where 设备编号='0F460DDA68FE22C3B1C759399995CFEE'
2010-12-03 12:02:46:79:摄像头名称大良桂畔路甲子桥交界
2010-12-03 12:05:40:81:摄像头id0F460DDA68FE22C3B1C759399995CFEE
2010-12-03 12:05:40:81:SQLSelect 设备名称 from 视频位置VIEW where 设备编号='0F460DDA68FE22C3B1C759399995CFEE'
2010-12-03 12:05:40:81:摄像头名称大良桂畔路甲子桥交界
2010-12-03 12:17:19:18:摄像头id0F460DDA68FE22C3B1C759399995CFEE
2010-12-03 12:17:19:19:SQLSelect 设备名称 from 视频位置VIEW where 设备编号='0F460DDA68FE22C3B1C759399995CFEE'
2010-12-03 12:17:19:19:摄像头名称大良桂畔路甲子桥交界
2011-03-03 17:30:38:40:摄像头id0F460DDA68FE22C3B1C759399995CFEE
2011-03-03 17:30:38:43:SQLSelect 设备名称 from 视频位置VIEW where 设备编号='0F460DDA68FE22C3B1C759399995CFEE'
2011-03-03 17:30:38:43:摄像头名称大良桂畔路甲子桥交界
2011-03-03 17:41:31:04:摄像头id0F460DDA68FE22C3B1C759399995CFEE
2011-03-03 17:41:31:06:SQLSelect 设备名称 from 视频位置VIEW where 设备编号='0F460DDA68FE22C3B1C759399995CFEE'
2011-03-03 17:41:31:06:摄像头名称大良桂畔路甲子桥交界
2011-03-03 18:05:08:50:摄像头id0F460DDA68FE22C3B1C759399995CFEE
2011-03-03 18:05:08:50:SQLSelect 设备名称 from 视频位置VIEW where 设备编号='0F460DDA68FE22C3B1C759399995CFEE'
2011-03-03 18:05:08:50:摄像头名称大良桂畔路甲子桥交界
2011-03-03 18:10:26:90:摄像头id0F460DDA68FE22C3B1C759399995CFEE
2011-03-03 18:10:26:90:SQLSelect 设备名称 from 视频位置VIEW where 设备编号='0F460DDA68FE22C3B1C759399995CFEE'
2011-03-03 18:10:26:90:摄像头名称大良桂畔路甲子桥交界
2011-03-03 18:14:36:35:摄像头id0F460DDA68FE22C3B1C759399995CFEE
2011-03-03 18:14:36:35:SQLSelect 设备名称 from 视频位置VIEW where 设备编号='0F460DDA68FE22C3B1C759399995CFEE'
2011-03-03 18:14:36:35:摄像头名称大良桂畔路甲子桥交界
2011-03-03 18:27:22:25:摄像头id0F460DDA68FE22C3B1C759399995CFEE
2011-03-03 18:27:22:25:SQLSelect 设备名称 from 视频位置VIEW where 设备编号='0F460DDA68FE22C3B1C759399995CFEE'
2011-03-03 18:27:22:26:摄像头名称大良桂畔路甲子桥交界
2011-03-03 18:33:11:79:摄像头id0F460DDA68FE22C3B1C759399995CFEE
2011-03-03 18:33:11:81:SQLSelect 设备名称 from 视频位置VIEW where 设备编号='0F460DDA68FE22C3B1C759399995CFEE'
2011-03-03 18:33:11:81:摄像头名称大良桂畔路甲子桥交界
2011-03-03 18:33:37:57:摄像头id0F460DDA68FE22C3B1C759399995CFEE
2011-03-03 18:33:37:59:SQLSelect 设备名称 from 视频位置VIEW where 设备编号='0F460DDA68FE22C3B1C759399995CFEE'
2011-03-03 18:33:37:59:摄像头名称大良桂畔路甲子桥交界
2011-03-03 18:36:06:93:摄像头id0F460DDA68FE22C3B1C759399995CFEE
2011-03-03 18:36:06:93:SQLSelect 设备名称 from 视频位置VIEW where 设备编号='0F460DDA68FE22C3B1C759399995CFEE'
2011-03-03 18:36:06:93:摄像头名称大良桂畔路甲子桥交界
2011-03-03 18:55:23:25:摄像头id0F460DDA68FE22C3B1C759399995CFEE
2011-03-03 18:55:23:25:SQLSelect 设备名称 from 视频位置VIEW where 设备编号='0F460DDA68FE22C3B1C759399995CFEE'
2011-03-03 18:55:23:25:摄像头名称大良桂畔路甲子桥交界
2011-03-03 19:01:10:50:摄像头id0F460DDA68FE22C3B1C759399995CFEE
2011-03-03 19:01:10:51:SQLSelect 设备名称 from 视频位置VIEW where 设备编号='0F460DDA68FE22C3B1C759399995CFEE'
2011-03-03 19:01:10:51:摄像头名称大良桂畔路甲子桥交界
